2019-02-16T22:33:35+00:00 CRITICAL Uncaught Error: Call to undefined function get_cat_menu() in C:\OpenServer\domains\halva.test\wp-content\themes\halva\woocommerce\archive-product.php:17
Stack trace:
#0 C:\OpenServer\domains\halva.test\wp-includes\template-loader.php(74): include()
#1 C:\OpenServer\domains\halva.test\wp-blog-header.php(19): require_once('C:\\OpenServer\\d...')
#2 C:\OpenServer\domains\halva.test\index.php(17): require('C:\\OpenServer\\d...')
#3 {main}
  thrown в C:\OpenServer\domains\halva.test\wp-content\themes\halva\woocommerce\archive-product.php на строке 17

2019-02-16T22:34:28+00:00 CRITICAL Uncaught Error: Call to undefined function get_my_shop_total() in C:\OpenServer\domains\halva.test\wp-content\themes\halva\woocommerce\archive-product.php:24
Stack trace:
#0 C:\OpenServer\domains\halva.test\wp-includes\template-loader.php(74): include()
#1 C:\OpenServer\domains\halva.test\wp-blog-header.php(19): require_once('C:\\OpenServer\\d...')
#2 C:\OpenServer\domains\halva.test\index.php(17): require('C:\\OpenServer\\d...')
#3 {main}
  thrown в C:\OpenServer\domains\halva.test\wp-content\themes\halva\woocommerce\archive-product.php на строке 24

2019-02-16T22:34:42+00:00 CRITICAL Uncaught Error: Call to undefined function get_my_shop_total() in C:\OpenServer\domains\halva.test\wp-content\themes\halva\woocommerce\archive-product.php:24
Stack trace:
#0 C:\OpenServer\domains\halva.test\wp-includes\template-loader.php(74): include()
#1 C:\OpenServer\domains\halva.test\wp-blog-header.php(19): require_once('C:\\OpenServer\\d...')
#2 C:\OpenServer\domains\halva.test\index.php(17): require('C:\\OpenServer\\d...')
#3 {main}
  thrown в C:\OpenServer\domains\halva.test\wp-content\themes\halva\woocommerce\archive-product.php на строке 24

2019-02-16T22:34:50+00:00 CRITICAL Uncaught Error: Call to undefined function web_maga_rating() in C:\OpenServer\domains\halva.test\wp-content\themes\halva\woocommerce\content-product.php:48
Stack trace:
#0 C:\OpenServer\domains\halva.test\wp-includes\template.php(690): require()
#1 C:\OpenServer\domains\halva.test\wp-content\plugins\woocommerce\includes\wc-core-functions.php(181): load_template('C:\\OpenServer\\d...', false)
#2 C:\OpenServer\domains\halva.test\wp-content\themes\halva\woocommerce\archive-product.php(50): wc_get_template_part('content', 'product')
#3 C:\OpenServer\domains\halva.test\wp-includes\template-loader.php(74): include('C:\\OpenServer\\d...')
#4 C:\OpenServer\domains\halva.test\wp-blog-header.php(19): require_once('C:\\OpenServer\\d...')
#5 C:\OpenServer\domains\halva.test\index.php(17): require('C:\\OpenServer\\d...')
#6 {main}
  thrown в C:\OpenServer\domains\halva.test\wp-content\themes\halva\woocommerce\content-product.php на строке 48

2019-02-16T23:12:14+00:00 CRITICAL Uncaught Error: Call to undefined function wp_fooer() in C:\OpenServer\domains\halva.test\wp-content\themes\halva\footer.php:114
Stack trace:
#0 C:\OpenServer\domains\halva.test\wp-includes\template.php(688): require_once()
#1 C:\OpenServer\domains\halva.test\wp-includes\template.php(647): load_template('C:\\OpenServer\\d...', true)
#2 C:\OpenServer\domains\halva.test\wp-includes\general-template.php(76): locate_template(Array, true)
#3 C:\OpenServer\domains\halva.test\wp-content\themes\halva\woocommerce\archive-product.php(84): get_footer()
#4 C:\OpenServer\domains\halva.test\wp-includes\template-loader.php(74): include('C:\\OpenServer\\d...')
#5 C:\OpenServer\domains\halva.test\wp-blog-header.php(19): require_once('C:\\OpenServer\\d...')
#6 C:\OpenServer\domains\halva.test\index.php(17): require('C:\\OpenServer\\d...')
#7 {main}
  thrown в C:\OpenServer\domains\halva.test\wp-content\themes\halva\footer.php на строке 114

2019-02-16T23:12:15+00:00 CRITICAL Uncaught Error: Call to undefined function wp_fooer() in C:\OpenServer\domains\halva.test\wp-content\themes\halva\footer.php:114
Stack trace:
#0 C:\OpenServer\domains\halva.test\wp-includes\template.php(688): require_once()
#1 C:\OpenServer\domains\halva.test\wp-includes\template.php(647): load_template('C:\\OpenServer\\d...', true)
#2 C:\OpenServer\domains\halva.test\wp-includes\general-template.php(76): locate_template(Array, true)
#3 C:\OpenServer\domains\halva.test\wp-content\themes\halva\index.php(8): get_footer()
#4 C:\OpenServer\domains\halva.test\wp-includes\template-loader.php(74): include('C:\\OpenServer\\d...')
#5 C:\OpenServer\domains\halva.test\wp-blog-header.php(19): require_once('C:\\OpenServer\\d...')
#6 C:\OpenServer\domains\halva.test\index.php(17): require('C:\\OpenServer\\d...')
#7 {main}
  thrown в C:\OpenServer\domains\halva.test\wp-content\themes\halva\footer.php на строке 114

2019-02-16T23:12:15+00:00 CRITICAL Uncaught Error: Call to undefined function wp_fooer() in C:\OpenServer\domains\halva.test\wp-content\themes\halva\footer.php:114
Stack trace:
#0 C:\OpenServer\domains\halva.test\wp-includes\template.php(688): require_once()
#1 C:\OpenServer\domains\halva.test\wp-includes\template.php(647): load_template('C:\\OpenServer\\d...', true)
#2 C:\OpenServer\domains\halva.test\wp-includes\general-template.php(76): locate_template(Array, true)
#3 C:\OpenServer\domains\halva.test\wp-content\themes\halva\index.php(8): get_footer()
#4 C:\OpenServer\domains\halva.test\wp-includes\template-loader.php(74): include('C:\\OpenServer\\d...')
#5 C:\OpenServer\domains\halva.test\wp-blog-header.php(19): require_once('C:\\OpenServer\\d...')
#6 C:\OpenServer\domains\halva.test\index.php(17): require('C:\\OpenServer\\d...')
#7 {main}
  thrown в C:\OpenServer\domains\halva.test\wp-content\themes\halva\footer.php на строке 114

2019-02-16T23:12:15+00:00 CRITICAL Uncaught Error: Call to undefined function wp_fooer() in C:\OpenServer\domains\halva.test\wp-content\themes\halva\footer.php:114
Stack trace:
#0 C:\OpenServer\domains\halva.test\wp-includes\template.php(688): require_once()
#1 C:\OpenServer\domains\halva.test\wp-includes\template.php(647): load_template('C:\\OpenServer\\d...', true)
#2 C:\OpenServer\domains\halva.test\wp-includes\general-template.php(76): locate_template(Array, true)
#3 C:\OpenServer\domains\halva.test\wp-content\themes\halva\index.php(8): get_footer()
#4 C:\OpenServer\domains\halva.test\wp-includes\template-loader.php(74): include('C:\\OpenServer\\d...')
#5 C:\OpenServer\domains\halva.test\wp-blog-header.php(19): require_once('C:\\OpenServer\\d...')
#6 C:\OpenServer\domains\halva.test\index.php(17): require('C:\\OpenServer\\d...')
#7 {main}
  thrown в C:\OpenServer\domains\halva.test\wp-content\themes\halva\footer.php на строке 114

2019-02-16T23:12:17+00:00 CRITICAL Uncaught Error: Call to undefined function wp_fooer() in C:\OpenServer\domains\halva.test\wp-content\themes\halva\footer.php:114
Stack trace:
#0 C:\OpenServer\domains\halva.test\wp-includes\template.php(688): require_once()
#1 C:\OpenServer\domains\halva.test\wp-includes\template.php(647): load_template('C:\\OpenServer\\d...', true)
#2 C:\OpenServer\domains\halva.test\wp-includes\general-template.php(76): locate_template(Array, true)
#3 C:\OpenServer\domains\halva.test\wp-content\themes\halva\index.php(8): get_footer()
#4 C:\OpenServer\domains\halva.test\wp-includes\template-loader.php(74): include('C:\\OpenServer\\d...')
#5 C:\OpenServer\domains\halva.test\wp-blog-header.php(19): require_once('C:\\OpenServer\\d...')
#6 C:\OpenServer\domains\halva.test\index.php(17): require('C:\\OpenServer\\d...')
#7 {main}
  thrown в C:\OpenServer\domains\halva.test\wp-content\themes\halva\footer.php на строке 114

2019-02-16T23:12:17+00:00 CRITICAL Uncaught Error: Call to undefined function wp_fooer() in C:\OpenServer\domains\halva.test\wp-content\themes\halva\footer.php:114
Stack trace:
#0 C:\OpenServer\domains\halva.test\wp-includes\template.php(688): require_once()
#1 C:\OpenServer\domains\halva.test\wp-includes\template.php(647): load_template('C:\\OpenServer\\d...', true)
#2 C:\OpenServer\domains\halva.test\wp-includes\general-template.php(76): locate_template(Array, true)
#3 C:\OpenServer\domains\halva.test\wp-content\themes\halva\index.php(8): get_footer()
#4 C:\OpenServer\domains\halva.test\wp-includes\template-loader.php(74): include('C:\\OpenServer\\d...')
#5 C:\OpenServer\domains\halva.test\wp-blog-header.php(19): require_once('C:\\OpenServer\\d...')
#6 C:\OpenServer\domains\halva.test\index.php(17): require('C:\\OpenServer\\d...')
#7 {main}
  thrown в C:\OpenServer\domains\halva.test\wp-content\themes\halva\footer.php на строке 114

2019-02-16T23:12:17+00:00 CRITICAL Uncaught Error: Call to undefined function wp_fooer() in C:\OpenServer\domains\halva.test\wp-content\themes\halva\footer.php:114
Stack trace:
#0 C:\OpenServer\domains\halva.test\wp-includes\template.php(688): require_once()
#1 C:\OpenServer\domains\halva.test\wp-includes\template.php(647): load_template('C:\\OpenServer\\d...', true)
#2 C:\OpenServer\domains\halva.test\wp-includes\general-template.php(76): locate_template(Array, true)
#3 C:\OpenServer\domains\halva.test\wp-content\themes\halva\index.php(8): get_footer()
#4 C:\OpenServer\domains\halva.test\wp-includes\template-loader.php(74): include('C:\\OpenServer\\d...')
#5 C:\OpenServer\domains\halva.test\wp-blog-header.php(19): require_once('C:\\OpenServer\\d...')
#6 C:\OpenServer\domains\halva.test\index.php(17): require('C:\\OpenServer\\d...')
#7 {main}
  thrown в C:\OpenServer\domains\halva.test\wp-content\themes\halva\footer.php на строке 114

2019-02-16T23:12:17+00:00 CRITICAL Uncaught Error: Call to undefined function wp_fooer() in C:\OpenServer\domains\halva.test\wp-content\themes\halva\footer.php:114
Stack trace:
#0 C:\OpenServer\domains\halva.test\wp-includes\template.php(688): require_once()
#1 C:\OpenServer\domains\halva.test\wp-includes\template.php(647): load_template('C:\\OpenServer\\d...', true)
#2 C:\OpenServer\domains\halva.test\wp-includes\general-template.php(76): locate_template(Array, true)
#3 C:\OpenServer\domains\halva.test\wp-content\themes\halva\index.php(8): get_footer()
#4 C:\OpenServer\domains\halva.test\wp-includes\template-loader.php(74): include('C:\\OpenServer\\d...')
#5 C:\OpenServer\domains\halva.test\wp-blog-header.php(19): require_once('C:\\OpenServer\\d...')
#6 C:\OpenServer\domains\halva.test\index.php(17): require('C:\\OpenServer\\d...')
#7 {main}
  thrown в C:\OpenServer\domains\halva.test\wp-content\themes\halva\footer.php на строке 114

2019-02-16T23:12:17+00:00 CRITICAL Uncaught Error: Call to undefined function wp_fooer() in C:\OpenServer\domains\halva.test\wp-content\themes\halva\footer.php:114
Stack trace:
#0 C:\OpenServer\domains\halva.test\wp-includes\template.php(688): require_once()
#1 C:\OpenServer\domains\halva.test\wp-includes\template.php(647): load_template('C:\\OpenServer\\d...', true)
#2 C:\OpenServer\domains\halva.test\wp-includes\general-template.php(76): locate_template(Array, true)
#3 C:\OpenServer\domains\halva.test\wp-content\themes\halva\index.php(8): get_footer()
#4 C:\OpenServer\domains\halva.test\wp-includes\template-loader.php(74): include('C:\\OpenServer\\d...')
#5 C:\OpenServer\domains\halva.test\wp-blog-header.php(19): require_once('C:\\OpenServer\\d...')
#6 C:\OpenServer\domains\halva.test\index.php(17): require('C:\\OpenServer\\d...')
#7 {main}
  thrown в C:\OpenServer\domains\halva.test\wp-content\themes\halva\footer.php на строке 114

2019-02-16T23:12:17+00:00 CRITICAL Uncaught Error: Call to undefined function wp_fooer() in C:\OpenServer\domains\halva.test\wp-content\themes\halva\footer.php:114
Stack trace:
#0 C:\OpenServer\domains\halva.test\wp-includes\template.php(688): require_once()
#1 C:\OpenServer\domains\halva.test\wp-includes\template.php(647): load_template('C:\\OpenServer\\d...', true)
#2 C:\OpenServer\domains\halva.test\wp-includes\general-template.php(76): locate_template(Array, true)
#3 C:\OpenServer\domains\halva.test\wp-content\themes\halva\index.php(8): get_footer()
#4 C:\OpenServer\domains\halva.test\wp-includes\template-loader.php(74): include('C:\\OpenServer\\d...')
#5 C:\OpenServer\domains\halva.test\wp-blog-header.php(19): require_once('C:\\OpenServer\\d...')
#6 C:\OpenServer\domains\halva.test\index.php(17): require('C:\\OpenServer\\d...')
#7 {main}
  thrown в C:\OpenServer\domains\halva.test\wp-content\themes\halva\footer.php на строке 114

2019-02-16T23:12:18+00:00 CRITICAL Uncaught Error: Call to undefined function wp_fooer() in C:\OpenServer\domains\halva.test\wp-content\themes\halva\footer.php:114
Stack trace:
#0 C:\OpenServer\domains\halva.test\wp-includes\template.php(688): require_once()
#1 C:\OpenServer\domains\halva.test\wp-includes\template.php(647): load_template('C:\\OpenServer\\d...', true)
#2 C:\OpenServer\domains\halva.test\wp-includes\general-template.php(76): locate_template(Array, true)
#3 C:\OpenServer\domains\halva.test\wp-content\themes\halva\index.php(8): get_footer()
#4 C:\OpenServer\domains\halva.test\wp-includes\template-loader.php(74): include('C:\\OpenServer\\d...')
#5 C:\OpenServer\domains\halva.test\wp-blog-header.php(19): require_once('C:\\OpenServer\\d...')
#6 C:\OpenServer\domains\halva.test\index.php(17): require('C:\\OpenServer\\d...')
#7 {main}
  thrown в C:\OpenServer\domains\halva.test\wp-content\themes\halva\footer.php на строке 114

2019-02-16T23:12:18+00:00 CRITICAL Uncaught Error: Call to undefined function wp_fooer() in C:\OpenServer\domains\halva.test\wp-content\themes\halva\footer.php:114
Stack trace:
#0 C:\OpenServer\domains\halva.test\wp-includes\template.php(688): require_once()
#1 C:\OpenServer\domains\halva.test\wp-includes\template.php(647): load_template('C:\\OpenServer\\d...', true)
#2 C:\OpenServer\domains\halva.test\wp-includes\general-template.php(76): locate_template(Array, true)
#3 C:\OpenServer\domains\halva.test\wp-content\themes\halva\index.php(8): get_footer()
#4 C:\OpenServer\domains\halva.test\wp-includes\template-loader.php(74): include('C:\\OpenServer\\d...')
#5 C:\OpenServer\domains\halva.test\wp-blog-header.php(19): require_once('C:\\OpenServer\\d...')
#6 C:\OpenServer\domains\halva.test\index.php(17): require('C:\\OpenServer\\d...')
#7 {main}
  thrown в C:\OpenServer\domains\halva.test\wp-content\themes\halva\footer.php на строке 114

2019-02-16T23:12:18+00:00 CRITICAL Uncaught Error: Call to undefined function wp_fooer() in C:\OpenServer\domains\halva.test\wp-content\themes\halva\footer.php:114
Stack trace:
#0 C:\OpenServer\domains\halva.test\wp-includes\template.php(688): require_once()
#1 C:\OpenServer\domains\halva.test\wp-includes\template.php(647): load_template('C:\\OpenServer\\d...', true)
#2 C:\OpenServer\domains\halva.test\wp-includes\general-template.php(76): locate_template(Array, true)
#3 C:\OpenServer\domains\halva.test\wp-content\themes\halva\index.php(8): get_footer()
#4 C:\OpenServer\domains\halva.test\wp-includes\template-loader.php(74): include('C:\\OpenServer\\d...')
#5 C:\OpenServer\domains\halva.test\wp-blog-header.php(19): require_once('C:\\OpenServer\\d...')
#6 C:\OpenServer\domains\halva.test\index.php(17): require('C:\\OpenServer\\d...')
#7 {main}
  thrown в C:\OpenServer\domains\halva.test\wp-content\themes\halva\footer.php на строке 114

2019-02-16T23:12:19+00:00 CRITICAL Uncaught Error: Call to undefined function wp_fooer() in C:\OpenServer\domains\halva.test\wp-content\themes\halva\footer.php:114
Stack trace:
#0 C:\OpenServer\domains\halva.test\wp-includes\template.php(688): require_once()
#1 C:\OpenServer\domains\halva.test\wp-includes\template.php(647): load_template('C:\\OpenServer\\d...', true)
#2 C:\OpenServer\domains\halva.test\wp-includes\general-template.php(76): locate_template(Array, true)
#3 C:\OpenServer\domains\halva.test\wp-content\themes\halva\index.php(8): get_footer()
#4 C:\OpenServer\domains\halva.test\wp-includes\template-loader.php(74): include('C:\\OpenServer\\d...')
#5 C:\OpenServer\domains\halva.test\wp-blog-header.php(19): require_once('C:\\OpenServer\\d...')
#6 C:\OpenServer\domains\halva.test\index.php(17): require('C:\\OpenServer\\d...')
#7 {main}
  thrown в C:\OpenServer\domains\halva.test\wp-content\themes\halva\footer.php на строке 114

2019-02-16T23:12:19+00:00 CRITICAL Uncaught Error: Call to undefined function wp_fooer() in C:\OpenServer\domains\halva.test\wp-content\themes\halva\footer.php:114
Stack trace:
#0 C:\OpenServer\domains\halva.test\wp-includes\template.php(688): require_once()
#1 C:\OpenServer\domains\halva.test\wp-includes\template.php(647): load_template('C:\\OpenServer\\d...', true)
#2 C:\OpenServer\domains\halva.test\wp-includes\general-template.php(76): locate_template(Array, true)
#3 C:\OpenServer\domains\halva.test\wp-content\themes\halva\index.php(8): get_footer()
#4 C:\OpenServer\domains\halva.test\wp-includes\template-loader.php(74): include('C:\\OpenServer\\d...')
#5 C:\OpenServer\domains\halva.test\wp-blog-header.php(19): require_once('C:\\OpenServer\\d...')
#6 C:\OpenServer\domains\halva.test\index.php(17): require('C:\\OpenServer\\d...')
#7 {main}
  thrown в C:\OpenServer\domains\halva.test\wp-content\themes\halva\footer.php на строке 114

2019-02-16T23:12:19+00:00 CRITICAL Uncaught Error: Call to undefined function wp_fooer() in C:\OpenServer\domains\halva.test\wp-content\themes\halva\footer.php:114
Stack trace:
#0 C:\OpenServer\domains\halva.test\wp-includes\template.php(688): require_once()
#1 C:\OpenServer\domains\halva.test\wp-includes\template.php(647): load_template('C:\\OpenServer\\d...', true)
#2 C:\OpenServer\domains\halva.test\wp-includes\general-template.php(76): locate_template(Array, true)
#3 C:\OpenServer\domains\halva.test\wp-content\themes\halva\index.php(8): get_footer()
#4 C:\OpenServer\domains\halva.test\wp-includes\template-loader.php(74): include('C:\\OpenServer\\d...')
#5 C:\OpenServer\domains\halva.test\wp-blog-header.php(19): require_once('C:\\OpenServer\\d...')
#6 C:\OpenServer\domains\halva.test\index.php(17): require('C:\\OpenServer\\d...')
#7 {main}
  thrown в C:\OpenServer\domains\halva.test\wp-content\themes\halva\footer.php на строке 114

2019-02-16T23:12:20+00:00 CRITICAL Uncaught Error: Call to undefined function wp_fooer() in C:\OpenServer\domains\halva.test\wp-content\themes\halva\footer.php:114
Stack trace:
#0 C:\OpenServer\domains\halva.test\wp-includes\template.php(688): require_once()
#1 C:\OpenServer\domains\halva.test\wp-includes\template.php(647): load_template('C:\\OpenServer\\d...', true)
#2 C:\OpenServer\domains\halva.test\wp-includes\general-template.php(76): locate_template(Array, true)
#3 C:\OpenServer\domains\halva.test\wp-content\themes\halva\index.php(8): get_footer()
#4 C:\OpenServer\domains\halva.test\wp-includes\template-loader.php(74): include('C:\\OpenServer\\d...')
#5 C:\OpenServer\domains\halva.test\wp-blog-header.php(19): require_once('C:\\OpenServer\\d...')
#6 C:\OpenServer\domains\halva.test\index.php(17): require('C:\\OpenServer\\d...')
#7 {main}
  thrown в C:\OpenServer\domains\halva.test\wp-content\themes\halva\footer.php на строке 114

2019-02-16T23:12:20+00:00 CRITICAL Uncaught Error: Call to undefined function wp_fooer() in C:\OpenServer\domains\halva.test\wp-content\themes\halva\footer.php:114
Stack trace:
#0 C:\OpenServer\domains\halva.test\wp-includes\template.php(688): require_once()
#1 C:\OpenServer\domains\halva.test\wp-includes\template.php(647): load_template('C:\\OpenServer\\d...', true)
#2 C:\OpenServer\domains\halva.test\wp-includes\general-template.php(76): locate_template(Array, true)
#3 C:\OpenServer\domains\halva.test\wp-content\themes\halva\index.php(8): get_footer()
#4 C:\OpenServer\domains\halva.test\wp-includes\template-loader.php(74): include('C:\\OpenServer\\d...')
#5 C:\OpenServer\domains\halva.test\wp-blog-header.php(19): require_once('C:\\OpenServer\\d...')
#6 C:\OpenServer\domains\halva.test\index.php(17): require('C:\\OpenServer\\d...')
#7 {main}
  thrown в C:\OpenServer\domains\halva.test\wp-content\themes\halva\footer.php на строке 114

2019-02-16T23:12:20+00:00 CRITICAL Uncaught Error: Call to undefined function wp_fooer() in C:\OpenServer\domains\halva.test\wp-content\themes\halva\footer.php:114
Stack trace:
#0 C:\OpenServer\domains\halva.test\wp-includes\template.php(688): require_once()
#1 C:\OpenServer\domains\halva.test\wp-includes\template.php(647): load_template('C:\\OpenServer\\d...', true)
#2 C:\OpenServer\domains\halva.test\wp-includes\general-template.php(76): locate_template(Array, true)
#3 C:\OpenServer\domains\halva.test\wp-content\themes\halva\index.php(8): get_footer()
#4 C:\OpenServer\domains\halva.test\wp-includes\template-loader.php(74): include('C:\\OpenServer\\d...')
#5 C:\OpenServer\domains\halva.test\wp-blog-header.php(19): require_once('C:\\OpenServer\\d...')
#6 C:\OpenServer\domains\halva.test\index.php(17): require('C:\\OpenServer\\d...')
#7 {main}
  thrown в C:\OpenServer\domains\halva.test\wp-content\themes\halva\footer.php на строке 114

2019-02-16T23:12:20+00:00 CRITICAL Uncaught Error: Call to undefined function wp_fooer() in C:\OpenServer\domains\halva.test\wp-content\themes\halva\footer.php:114
Stack trace:
#0 C:\OpenServer\domains\halva.test\wp-includes\template.php(688): require_once()
#1 C:\OpenServer\domains\halva.test\wp-includes\template.php(647): load_template('C:\\OpenServer\\d...', true)
#2 C:\OpenServer\domains\halva.test\wp-includes\general-template.php(76): locate_template(Array, true)
#3 C:\OpenServer\domains\halva.test\wp-content\themes\halva\index.php(8): get_footer()
#4 C:\OpenServer\domains\halva.test\wp-includes\template-loader.php(74): include('C:\\OpenServer\\d...')
#5 C:\OpenServer\domains\halva.test\wp-blog-header.php(19): require_once('C:\\OpenServer\\d...')
#6 C:\OpenServer\domains\halva.test\index.php(17): require('C:\\OpenServer\\d...')
#7 {main}
  thrown в C:\OpenServer\domains\halva.test\wp-content\themes\halva\footer.php на строке 114

2019-02-16T23:12:20+00:00 CRITICAL Uncaught Error: Call to undefined function wp_fooer() in C:\OpenServer\domains\halva.test\wp-content\themes\halva\footer.php:114
Stack trace:
#0 C:\OpenServer\domains\halva.test\wp-includes\template.php(688): require_once()
#1 C:\OpenServer\domains\halva.test\wp-includes\template.php(647): load_template('C:\\OpenServer\\d...', true)
#2 C:\OpenServer\domains\halva.test\wp-includes\general-template.php(76): locate_template(Array, true)
#3 C:\OpenServer\domains\halva.test\wp-content\themes\halva\index.php(8): get_footer()
#4 C:\OpenServer\domains\halva.test\wp-includes\template-loader.php(74): include('C:\\OpenServer\\d...')
#5 C:\OpenServer\domains\halva.test\wp-blog-header.php(19): require_once('C:\\OpenServer\\d...')
#6 C:\OpenServer\domains\halva.test\index.php(17): require('C:\\OpenServer\\d...')
#7 {main}
  thrown в C:\OpenServer\domains\halva.test\wp-content\themes\halva\footer.php на строке 114

2019-02-16T23:13:33+00:00 CRITICAL Uncaught Error: Call to undefined function wp_fooer() in C:\OpenServer\domains\halva.test\wp-content\themes\halva\footer.php:114
Stack trace:
#0 C:\OpenServer\domains\halva.test\wp-includes\template.php(688): require_once()
#1 C:\OpenServer\domains\halva.test\wp-includes\template.php(647): load_template('C:\\OpenServer\\d...', true)
#2 C:\OpenServer\domains\halva.test\wp-includes\general-template.php(76): locate_template(Array, true)
#3 C:\OpenServer\domains\halva.test\wp-content\themes\halva\woocommerce\archive-product.php(84): get_footer()
#4 C:\OpenServer\domains\halva.test\wp-includes\template-loader.php(74): include('C:\\OpenServer\\d...')
#5 C:\OpenServer\domains\halva.test\wp-blog-header.php(19): require_once('C:\\OpenServer\\d...')
#6 C:\OpenServer\domains\halva.test\index.php(17): require('C:\\OpenServer\\d...')
#7 {main}
  thrown в C:\OpenServer\domains\halva.test\wp-content\themes\halva\footer.php на строке 114

2019-02-16T23:13:34+00:00 CRITICAL Uncaught Error: Call to undefined function wp_fooer() in C:\OpenServer\domains\halva.test\wp-content\themes\halva\footer.php:114
Stack trace:
#0 C:\OpenServer\domains\halva.test\wp-includes\template.php(688): require_once()
#1 C:\OpenServer\domains\halva.test\wp-includes\template.php(647): load_template('C:\\OpenServer\\d...', true)
#2 C:\OpenServer\domains\halva.test\wp-includes\general-template.php(76): locate_template(Array, true)
#3 C:\OpenServer\domains\halva.test\wp-content\themes\halva\index.php(8): get_footer()
#4 C:\OpenServer\domains\halva.test\wp-includes\template-loader.php(74): include('C:\\OpenServer\\d...')
#5 C:\OpenServer\domains\halva.test\wp-blog-header.php(19): require_once('C:\\OpenServer\\d...')
#6 C:\OpenServer\domains\halva.test\index.php(17): require('C:\\OpenServer\\d...')
#7 {main}
  thrown в C:\OpenServer\domains\halva.test\wp-content\themes\halva\footer.php на строке 114

2019-02-16T23:13:35+00:00 CRITICAL Uncaught Error: Call to undefined function wp_fooer() in C:\OpenServer\domains\halva.test\wp-content\themes\halva\footer.php:114
Stack trace:
#0 C:\OpenServer\domains\halva.test\wp-includes\template.php(688): require_once()
#1 C:\OpenServer\domains\halva.test\wp-includes\template.php(647): load_template('C:\\OpenServer\\d...', true)
#2 C:\OpenServer\domains\halva.test\wp-includes\general-template.php(76): locate_template(Array, true)
#3 C:\OpenServer\domains\halva.test\wp-content\themes\halva\index.php(8): get_footer()
#4 C:\OpenServer\domains\halva.test\wp-includes\template-loader.php(74): include('C:\\OpenServer\\d...')
#5 C:\OpenServer\domains\halva.test\wp-blog-header.php(19): require_once('C:\\OpenServer\\d...')
#6 C:\OpenServer\domains\halva.test\index.php(17): require('C:\\OpenServer\\d...')
#7 {main}
  thrown в C:\OpenServer\domains\halva.test\wp-content\themes\halva\footer.php на строке 114

2019-02-16T23:13:35+00:00 CRITICAL Uncaught Error: Call to undefined function wp_fooer() in C:\OpenServer\domains\halva.test\wp-content\themes\halva\footer.php:114
Stack trace:
#0 C:\OpenServer\domains\halva.test\wp-includes\template.php(688): require_once()
#1 C:\OpenServer\domains\halva.test\wp-includes\template.php(647): load_template('C:\\OpenServer\\d...', true)
#2 C:\OpenServer\domains\halva.test\wp-includes\general-template.php(76): locate_template(Array, true)
#3 C:\OpenServer\domains\halva.test\wp-content\themes\halva\index.php(8): get_footer()
#4 C:\OpenServer\domains\halva.test\wp-includes\template-loader.php(74): include('C:\\OpenServer\\d...')
#5 C:\OpenServer\domains\halva.test\wp-blog-header.php(19): require_once('C:\\OpenServer\\d...')
#6 C:\OpenServer\domains\halva.test\index.php(17): require('C:\\OpenServer\\d...')
#7 {main}
  thrown в C:\OpenServer\domains\halva.test\wp-content\themes\halva\footer.php на строке 114

2019-02-16T23:13:36+00:00 CRITICAL Uncaught Error: Call to undefined function wp_fooer() in C:\OpenServer\domains\halva.test\wp-content\themes\halva\footer.php:114
Stack trace:
#0 C:\OpenServer\domains\halva.test\wp-includes\template.php(688): require_once()
#1 C:\OpenServer\domains\halva.test\wp-includes\template.php(647): load_template('C:\\OpenServer\\d...', true)
#2 C:\OpenServer\domains\halva.test\wp-includes\general-template.php(76): locate_template(Array, true)
#3 C:\OpenServer\domains\halva.test\wp-content\themes\halva\index.php(8): get_footer()
#4 C:\OpenServer\domains\halva.test\wp-includes\template-loader.php(74): include('C:\\OpenServer\\d...')
#5 C:\OpenServer\domains\halva.test\wp-blog-header.php(19): require_once('C:\\OpenServer\\d...')
#6 C:\OpenServer\domains\halva.test\index.php(17): require('C:\\OpenServer\\d...')
#7 {main}
  thrown в C:\OpenServer\domains\halva.test\wp-content\themes\halva\footer.php на строке 114

2019-02-16T23:13:36+00:00 CRITICAL Uncaught Error: Call to undefined function wp_fooer() in C:\OpenServer\domains\halva.test\wp-content\themes\halva\footer.php:114
Stack trace:
#0 C:\OpenServer\domains\halva.test\wp-includes\template.php(688): require_once()
#1 C:\OpenServer\domains\halva.test\wp-includes\template.php(647): load_template('C:\\OpenServer\\d...', true)
#2 C:\OpenServer\domains\halva.test\wp-includes\general-template.php(76): locate_template(Array, true)
#3 C:\OpenServer\domains\halva.test\wp-content\themes\halva\index.php(8): get_footer()
#4 C:\OpenServer\domains\halva.test\wp-includes\template-loader.php(74): include('C:\\OpenServer\\d...')
#5 C:\OpenServer\domains\halva.test\wp-blog-header.php(19): require_once('C:\\OpenServer\\d...')
#6 C:\OpenServer\domains\halva.test\index.php(17): require('C:\\OpenServer\\d...')
#7 {main}
  thrown в C:\OpenServer\domains\halva.test\wp-content\themes\halva\footer.php на строке 114

2019-02-16T23:13:36+00:00 CRITICAL Uncaught Error: Call to undefined function wp_fooer() in C:\OpenServer\domains\halva.test\wp-content\themes\halva\footer.php:114
Stack trace:
#0 C:\OpenServer\domains\halva.test\wp-includes\template.php(688): require_once()
#1 C:\OpenServer\domains\halva.test\wp-includes\template.php(647): load_template('C:\\OpenServer\\d...', true)
#2 C:\OpenServer\domains\halva.test\wp-includes\general-template.php(76): locate_template(Array, true)
#3 C:\OpenServer\domains\halva.test\wp-content\themes\halva\index.php(8): get_footer()
#4 C:\OpenServer\domains\halva.test\wp-includes\template-loader.php(74): include('C:\\OpenServer\\d...')
#5 C:\OpenServer\domains\halva.test\wp-blog-header.php(19): require_once('C:\\OpenServer\\d...')
#6 C:\OpenServer\domains\halva.test\index.php(17): require('C:\\OpenServer\\d...')
#7 {main}
  thrown в C:\OpenServer\domains\halva.test\wp-content\themes\halva\footer.php на строке 114

2019-02-16T23:13:36+00:00 CRITICAL Uncaught Error: Call to undefined function wp_fooer() in C:\OpenServer\domains\halva.test\wp-content\themes\halva\footer.php:114
Stack trace:
#0 C:\OpenServer\domains\halva.test\wp-includes\template.php(688): require_once()
#1 C:\OpenServer\domains\halva.test\wp-includes\template.php(647): load_template('C:\\OpenServer\\d...', true)
#2 C:\OpenServer\domains\halva.test\wp-includes\general-template.php(76): locate_template(Array, true)
#3 C:\OpenServer\domains\halva.test\wp-content\themes\halva\index.php(8): get_footer()
#4 C:\OpenServer\domains\halva.test\wp-includes\template-loader.php(74): include('C:\\OpenServer\\d...')
#5 C:\OpenServer\domains\halva.test\wp-blog-header.php(19): require_once('C:\\OpenServer\\d...')
#6 C:\OpenServer\domains\halva.test\index.php(17): require('C:\\OpenServer\\d...')
#7 {main}
  thrown в C:\OpenServer\domains\halva.test\wp-content\themes\halva\footer.php на строке 114

2019-02-16T23:13:37+00:00 CRITICAL Uncaught Error: Call to undefined function wp_fooer() in C:\OpenServer\domains\halva.test\wp-content\themes\halva\footer.php:114
Stack trace:
#0 C:\OpenServer\domains\halva.test\wp-includes\template.php(688): require_once()
#1 C:\OpenServer\domains\halva.test\wp-includes\template.php(647): load_template('C:\\OpenServer\\d...', true)
#2 C:\OpenServer\domains\halva.test\wp-includes\general-template.php(76): locate_template(Array, true)
#3 C:\OpenServer\domains\halva.test\wp-content\themes\halva\index.php(8): get_footer()
#4 C:\OpenServer\domains\halva.test\wp-includes\template-loader.php(74): include('C:\\OpenServer\\d...')
#5 C:\OpenServer\domains\halva.test\wp-blog-header.php(19): require_once('C:\\OpenServer\\d...')
#6 C:\OpenServer\domains\halva.test\index.php(17): require('C:\\OpenServer\\d...')
#7 {main}
  thrown в C:\OpenServer\domains\halva.test\wp-content\themes\halva\footer.php на строке 114

2019-02-16T23:13:37+00:00 CRITICAL Uncaught Error: Call to undefined function wp_fooer() in C:\OpenServer\domains\halva.test\wp-content\themes\halva\footer.php:114
Stack trace:
#0 C:\OpenServer\domains\halva.test\wp-includes\template.php(688): require_once()
#1 C:\OpenServer\domains\halva.test\wp-includes\template.php(647): load_template('C:\\OpenServer\\d...', true)
#2 C:\OpenServer\domains\halva.test\wp-includes\general-template.php(76): locate_template(Array, true)
#3 C:\OpenServer\domains\halva.test\wp-content\themes\halva\index.php(8): get_footer()
#4 C:\OpenServer\domains\halva.test\wp-includes\template-loader.php(74): include('C:\\OpenServer\\d...')
#5 C:\OpenServer\domains\halva.test\wp-blog-header.php(19): require_once('C:\\OpenServer\\d...')
#6 C:\OpenServer\domains\halva.test\index.php(17): require('C:\\OpenServer\\d...')
#7 {main}
  thrown в C:\OpenServer\domains\halva.test\wp-content\themes\halva\footer.php на строке 114

2019-02-16T23:13:37+00:00 CRITICAL Uncaught Error: Call to undefined function wp_fooer() in C:\OpenServer\domains\halva.test\wp-content\themes\halva\footer.php:114
Stack trace:
#0 C:\OpenServer\domains\halva.test\wp-includes\template.php(688): require_once()
#1 C:\OpenServer\domains\halva.test\wp-includes\template.php(647): load_template('C:\\OpenServer\\d...', true)
#2 C:\OpenServer\domains\halva.test\wp-includes\general-template.php(76): locate_template(Array, true)
#3 C:\OpenServer\domains\halva.test\wp-content\themes\halva\index.php(8): get_footer()
#4 C:\OpenServer\domains\halva.test\wp-includes\template-loader.php(74): include('C:\\OpenServer\\d...')
#5 C:\OpenServer\domains\halva.test\wp-blog-header.php(19): require_once('C:\\OpenServer\\d...')
#6 C:\OpenServer\domains\halva.test\index.php(17): require('C:\\OpenServer\\d...')
#7 {main}
  thrown в C:\OpenServer\domains\halva.test\wp-content\themes\halva\footer.php на строке 114

2019-02-16T23:13:37+00:00 CRITICAL Uncaught Error: Call to undefined function wp_fooer() in C:\OpenServer\domains\halva.test\wp-content\themes\halva\footer.php:114
Stack trace:
#0 C:\OpenServer\domains\halva.test\wp-includes\template.php(688): require_once()
#1 C:\OpenServer\domains\halva.test\wp-includes\template.php(647): load_template('C:\\OpenServer\\d...', true)
#2 C:\OpenServer\domains\halva.test\wp-includes\general-template.php(76): locate_template(Array, true)
#3 C:\OpenServer\domains\halva.test\wp-content\themes\halva\index.php(8): get_footer()
#4 C:\OpenServer\domains\halva.test\wp-includes\template-loader.php(74): include('C:\\OpenServer\\d...')
#5 C:\OpenServer\domains\halva.test\wp-blog-header.php(19): require_once('C:\\OpenServer\\d...')
#6 C:\OpenServer\domains\halva.test\index.php(17): require('C:\\OpenServer\\d...')
#7 {main}
  thrown в C:\OpenServer\domains\halva.test\wp-content\themes\halva\footer.php на строке 114

2019-02-16T23:13:38+00:00 CRITICAL Uncaught Error: Call to undefined function wp_fooer() in C:\OpenServer\domains\halva.test\wp-content\themes\halva\footer.php:114
Stack trace:
#0 C:\OpenServer\domains\halva.test\wp-includes\template.php(688): require_once()
#1 C:\OpenServer\domains\halva.test\wp-includes\template.php(647): load_template('C:\\OpenServer\\d...', true)
#2 C:\OpenServer\domains\halva.test\wp-includes\general-template.php(76): locate_template(Array, true)
#3 C:\OpenServer\domains\halva.test\wp-content\themes\halva\index.php(8): get_footer()
#4 C:\OpenServer\domains\halva.test\wp-includes\template-loader.php(74): include('C:\\OpenServer\\d...')
#5 C:\OpenServer\domains\halva.test\wp-blog-header.php(19): require_once('C:\\OpenServer\\d...')
#6 C:\OpenServer\domains\halva.test\index.php(17): require('C:\\OpenServer\\d...')
#7 {main}
  thrown в C:\OpenServer\domains\halva.test\wp-content\themes\halva\footer.php на строке 114

2019-02-16T23:13:38+00:00 CRITICAL Uncaught Error: Call to undefined function wp_fooer() in C:\OpenServer\domains\halva.test\wp-content\themes\halva\footer.php:114
Stack trace:
#0 C:\OpenServer\domains\halva.test\wp-includes\template.php(688): require_once()
#1 C:\OpenServer\domains\halva.test\wp-includes\template.php(647): load_template('C:\\OpenServer\\d...', true)
#2 C:\OpenServer\domains\halva.test\wp-includes\general-template.php(76): locate_template(Array, true)
#3 C:\OpenServer\domains\halva.test\wp-content\themes\halva\index.php(8): get_footer()
#4 C:\OpenServer\domains\halva.test\wp-includes\template-loader.php(74): include('C:\\OpenServer\\d...')
#5 C:\OpenServer\domains\halva.test\wp-blog-header.php(19): require_once('C:\\OpenServer\\d...')
#6 C:\OpenServer\domains\halva.test\index.php(17): require('C:\\OpenServer\\d...')
#7 {main}
  thrown в C:\OpenServer\domains\halva.test\wp-content\themes\halva\footer.php на строке 114

2019-02-16T23:13:38+00:00 CRITICAL Uncaught Error: Call to undefined function wp_fooer() in C:\OpenServer\domains\halva.test\wp-content\themes\halva\footer.php:114
Stack trace:
#0 C:\OpenServer\domains\halva.test\wp-includes\template.php(688): require_once()
#1 C:\OpenServer\domains\halva.test\wp-includes\template.php(647): load_template('C:\\OpenServer\\d...', true)
#2 C:\OpenServer\domains\halva.test\wp-includes\general-template.php(76): locate_template(Array, true)
#3 C:\OpenServer\domains\halva.test\wp-content\themes\halva\index.php(8): get_footer()
#4 C:\OpenServer\domains\halva.test\wp-includes\template-loader.php(74): include('C:\\OpenServer\\d...')
#5 C:\OpenServer\domains\halva.test\wp-blog-header.php(19): require_once('C:\\OpenServer\\d...')
#6 C:\OpenServer\domains\halva.test\index.php(17): require('C:\\OpenServer\\d...')
#7 {main}
  thrown в C:\OpenServer\domains\halva.test\wp-content\themes\halva\footer.php на строке 114

2019-02-16T23:13:38+00:00 CRITICAL Uncaught Error: Call to undefined function wp_fooer() in C:\OpenServer\domains\halva.test\wp-content\themes\halva\footer.php:114
Stack trace:
#0 C:\OpenServer\domains\halva.test\wp-includes\template.php(688): require_once()
#1 C:\OpenServer\domains\halva.test\wp-includes\template.php(647): load_template('C:\\OpenServer\\d...', true)
#2 C:\OpenServer\domains\halva.test\wp-includes\general-template.php(76): locate_template(Array, true)
#3 C:\OpenServer\domains\halva.test\wp-content\themes\halva\index.php(8): get_footer()
#4 C:\OpenServer\domains\halva.test\wp-includes\template-loader.php(74): include('C:\\OpenServer\\d...')
#5 C:\OpenServer\domains\halva.test\wp-blog-header.php(19): require_once('C:\\OpenServer\\d...')
#6 C:\OpenServer\domains\halva.test\index.php(17): require('C:\\OpenServer\\d...')
#7 {main}
  thrown в C:\OpenServer\domains\halva.test\wp-content\themes\halva\footer.php на строке 114

2019-02-16T23:13:52+00:00 CRITICAL Uncaught Error: Call to undefined function wp_fooer() in C:\OpenServer\domains\halva.test\wp-content\themes\halva\footer.php:114
Stack trace:
#0 C:\OpenServer\domains\halva.test\wp-includes\template.php(688): require_once()
#1 C:\OpenServer\domains\halva.test\wp-includes\template.php(647): load_template('C:\\OpenServer\\d...', true)
#2 C:\OpenServer\domains\halva.test\wp-includes\general-template.php(76): locate_template(Array, true)
#3 C:\OpenServer\domains\halva.test\wp-content\themes\halva\woocommerce\archive-product.php(84): get_footer()
#4 C:\OpenServer\domains\halva.test\wp-includes\template-loader.php(74): include('C:\\OpenServer\\d...')
#5 C:\OpenServer\domains\halva.test\wp-blog-header.php(19): require_once('C:\\OpenServer\\d...')
#6 C:\OpenServer\domains\halva.test\index.php(17): require('C:\\OpenServer\\d...')
#7 {main}
  thrown в C:\OpenServer\domains\halva.test\wp-content\themes\halva\footer.php на строке 114

2019-02-16T23:13:53+00:00 CRITICAL Uncaught Error: Call to undefined function wp_fooer() in C:\OpenServer\domains\halva.test\wp-content\themes\halva\footer.php:114
Stack trace:
#0 C:\OpenServer\domains\halva.test\wp-includes\template.php(688): require_once()
#1 C:\OpenServer\domains\halva.test\wp-includes\template.php(647): load_template('C:\\OpenServer\\d...', true)
#2 C:\OpenServer\domains\halva.test\wp-includes\general-template.php(76): locate_template(Array, true)
#3 C:\OpenServer\domains\halva.test\wp-content\themes\halva\index.php(8): get_footer()
#4 C:\OpenServer\domains\halva.test\wp-includes\template-loader.php(74): include('C:\\OpenServer\\d...')
#5 C:\OpenServer\domains\halva.test\wp-blog-header.php(19): require_once('C:\\OpenServer\\d...')
#6 C:\OpenServer\domains\halva.test\index.php(17): require('C:\\OpenServer\\d...')
#7 {main}
  thrown в C:\OpenServer\domains\halva.test\wp-content\themes\halva\footer.php на строке 114

2019-02-16T23:13:55+00:00 CRITICAL Uncaught Error: Call to undefined function wp_fooer() in C:\OpenServer\domains\halva.test\wp-content\themes\halva\footer.php:114
Stack trace:
#0 C:\OpenServer\domains\halva.test\wp-includes\template.php(688): require_once()
#1 C:\OpenServer\domains\halva.test\wp-includes\template.php(647): load_template('C:\\OpenServer\\d...', true)
#2 C:\OpenServer\domains\halva.test\wp-includes\general-template.php(76): locate_template(Array, true)
#3 C:\OpenServer\domains\halva.test\wp-content\themes\halva\index.php(8): get_footer()
#4 C:\OpenServer\domains\halva.test\wp-includes\template-loader.php(74): include('C:\\OpenServer\\d...')
#5 C:\OpenServer\domains\halva.test\wp-blog-header.php(19): require_once('C:\\OpenServer\\d...')
#6 C:\OpenServer\domains\halva.test\index.php(17): require('C:\\OpenServer\\d...')
#7 {main}
  thrown в C:\OpenServer\domains\halva.test\wp-content\themes\halva\footer.php на строке 114

2019-02-16T23:13:55+00:00 CRITICAL Uncaught Error: Call to undefined function wp_fooer() in C:\OpenServer\domains\halva.test\wp-content\themes\halva\footer.php:114
Stack trace:
#0 C:\OpenServer\domains\halva.test\wp-includes\template.php(688): require_once()
#1 C:\OpenServer\domains\halva.test\wp-includes\template.php(647): load_template('C:\\OpenServer\\d...', true)
#2 C:\OpenServer\domains\halva.test\wp-includes\general-template.php(76): locate_template(Array, true)
#3 C:\OpenServer\domains\halva.test\wp-content\themes\halva\index.php(8): get_footer()
#4 C:\OpenServer\domains\halva.test\wp-includes\template-loader.php(74): include('C:\\OpenServer\\d...')
#5 C:\OpenServer\domains\halva.test\wp-blog-header.php(19): require_once('C:\\OpenServer\\d...')
#6 C:\OpenServer\domains\halva.test\index.php(17): require('C:\\OpenServer\\d...')
#7 {main}
  thrown в C:\OpenServer\domains\halva.test\wp-content\themes\halva\footer.php на строке 114

2019-02-16T23:13:55+00:00 CRITICAL Uncaught Error: Call to undefined function wp_fooer() in C:\OpenServer\domains\halva.test\wp-content\themes\halva\footer.php:114
Stack trace:
#0 C:\OpenServer\domains\halva.test\wp-includes\template.php(688): require_once()
#1 C:\OpenServer\domains\halva.test\wp-includes\template.php(647): load_template('C:\\OpenServer\\d...', true)
#2 C:\OpenServer\domains\halva.test\wp-includes\general-template.php(76): locate_template(Array, true)
#3 C:\OpenServer\domains\halva.test\wp-content\themes\halva\index.php(8): get_footer()
#4 C:\OpenServer\domains\halva.test\wp-includes\template-loader.php(74): include('C:\\OpenServer\\d...')
#5 C:\OpenServer\domains\halva.test\wp-blog-header.php(19): require_once('C:\\OpenServer\\d...')
#6 C:\OpenServer\domains\halva.test\index.php(17): require('C:\\OpenServer\\d...')
#7 {main}
  thrown в C:\OpenServer\domains\halva.test\wp-content\themes\halva\footer.php на строке 114

2019-02-16T23:13:55+00:00 CRITICAL Uncaught Error: Call to undefined function wp_fooer() in C:\OpenServer\domains\halva.test\wp-content\themes\halva\footer.php:114
Stack trace:
#0 C:\OpenServer\domains\halva.test\wp-includes\template.php(688): require_once()
#1 C:\OpenServer\domains\halva.test\wp-includes\template.php(647): load_template('C:\\OpenServer\\d...', true)
#2 C:\OpenServer\domains\halva.test\wp-includes\general-template.php(76): locate_template(Array, true)
#3 C:\OpenServer\domains\halva.test\wp-content\themes\halva\index.php(8): get_footer()
#4 C:\OpenServer\domains\halva.test\wp-includes\template-loader.php(74): include('C:\\OpenServer\\d...')
#5 C:\OpenServer\domains\halva.test\wp-blog-header.php(19): require_once('C:\\OpenServer\\d...')
#6 C:\OpenServer\domains\halva.test\index.php(17): require('C:\\OpenServer\\d...')
#7 {main}
  thrown в C:\OpenServer\domains\halva.test\wp-content\themes\halva\footer.php на строке 114

2019-02-16T23:13:55+00:00 CRITICAL Uncaught Error: Call to undefined function wp_fooer() in C:\OpenServer\domains\halva.test\wp-content\themes\halva\footer.php:114
Stack trace:
#0 C:\OpenServer\domains\halva.test\wp-includes\template.php(688): require_once()
#1 C:\OpenServer\domains\halva.test\wp-includes\template.php(647): load_template('C:\\OpenServer\\d...', true)
#2 C:\OpenServer\domains\halva.test\wp-includes\general-template.php(76): locate_template(Array, true)
#3 C:\OpenServer\domains\halva.test\wp-content\themes\halva\index.php(8): get_footer()
#4 C:\OpenServer\domains\halva.test\wp-includes\template-loader.php(74): include('C:\\OpenServer\\d...')
#5 C:\OpenServer\domains\halva.test\wp-blog-header.php(19): require_once('C:\\OpenServer\\d...')
#6 C:\OpenServer\domains\halva.test\index.php(17): require('C:\\OpenServer\\d...')
#7 {main}
  thrown в C:\OpenServer\domains\halva.test\wp-content\themes\halva\footer.php на строке 114

2019-02-16T23:13:55+00:00 CRITICAL Uncaught Error: Call to undefined function wp_fooer() in C:\OpenServer\domains\halva.test\wp-content\themes\halva\footer.php:114
Stack trace:
#0 C:\OpenServer\domains\halva.test\wp-includes\template.php(688): require_once()
#1 C:\OpenServer\domains\halva.test\wp-includes\template.php(647): load_template('C:\\OpenServer\\d...', true)
#2 C:\OpenServer\domains\halva.test\wp-includes\general-template.php(76): locate_template(Array, true)
#3 C:\OpenServer\domains\halva.test\wp-content\themes\halva\index.php(8): get_footer()
#4 C:\OpenServer\domains\halva.test\wp-includes\template-loader.php(74): include('C:\\OpenServer\\d...')
#5 C:\OpenServer\domains\halva.test\wp-blog-header.php(19): require_once('C:\\OpenServer\\d...')
#6 C:\OpenServer\domains\halva.test\index.php(17): require('C:\\OpenServer\\d...')
#7 {main}
  thrown в C:\OpenServer\domains\halva.test\wp-content\themes\halva\footer.php на строке 114

2019-02-16T23:13:55+00:00 CRITICAL Uncaught Error: Call to undefined function wp_fooer() in C:\OpenServer\domains\halva.test\wp-content\themes\halva\footer.php:114
Stack trace:
#0 C:\OpenServer\domains\halva.test\wp-includes\template.php(688): require_once()
#1 C:\OpenServer\domains\halva.test\wp-includes\template.php(647): load_template('C:\\OpenServer\\d...', true)
#2 C:\OpenServer\domains\halva.test\wp-includes\general-template.php(76): locate_template(Array, true)
#3 C:\OpenServer\domains\halva.test\wp-content\themes\halva\index.php(8): get_footer()
#4 C:\OpenServer\domains\halva.test\wp-includes\template-loader.php(74): include('C:\\OpenServer\\d...')
#5 C:\OpenServer\domains\halva.test\wp-blog-header.php(19): require_once('C:\\OpenServer\\d...')
#6 C:\OpenServer\domains\halva.test\index.php(17): require('C:\\OpenServer\\d...')
#7 {main}
  thrown в C:\OpenServer\domains\halva.test\wp-content\themes\halva\footer.php на строке 114

